<?xml version="1.0" encoding="UTF-8"?>
<!-- Generated by org.testng.reporters.JUnitXMLReporter -->
<testsuite ignored="0" hostname="DESKTOP-ICSBMB7" failures="0" tests="3" name="Credit card VISA" time="0.066" errors="0" timestamp="2021-01-25T14:29:13 IST">
  <testcase classname="tests.annotations.CreditCard_VISA" name="TC_CreditCard_VISA_1" time="0.007"/>
  <testcase classname="tests.annotations.CreditCard_VISA" name="TC_CreditCard_VISA_2" time="0.003"/>
  <testcase classname="tests.annotations.CreditCard" name="test" time="0.005"/>
</testsuite> <!-- Credit card VISA -->
