<?xml version="1.0" encoding="UTF-8"?>
<!-- Generated by org.testng.reporters.JUnitXMLReporter -->
<testsuite ignored="0" hostname="DESKTOP-ICSBMB7" failures="0" tests="4" name="Credit card MASTER" time="0.145" errors="0" timestamp="2021-01-25T14:29:12 IST">
  <testcase classname="tests.annotations.CreditCard_MASTER" name="TC_CreditCard_MASTER_1" time="0.017"/>
  <testcase classname="tests.annotations.CreditCard_MASTER" name="TC_CreditCard_MASTER_2" time="0.006"/>
  <testcase classname="tests.annotations.CreditCard_MASTER" name="TC_CreditCard_MASTER_3" time="0.003"/>
  <testcase classname="tests.annotations.CreditCard" name="test" time="0.002"/>
</testsuite> <!-- Credit card MASTER -->
