<?xml version="1.0" encoding="UTF-8"?>
<!-- Generated by org.testng.reporters.JUnitXMLReporter -->
<testsuite ignored="0" hostname="DESKTOP-ICSBMB7" failures="0" tests="4" name="Personal Loan" time="0.143" errors="0" timestamp="2021-01-25T17:34:04 IST">
  <testcase classname="tests.Personal_Loan" name="TC_APILogin" time="0.021"/>
  <testcase classname="tests.Personal_Loan" name="TC_MobileLogin" time="0.009"/>
  <testcase classname="tests.Personal_Loan" name="TC_PersonalLoan" time="0.004"/>
  <testcase classname="tests.Personal_Loan" name="TC_WebLogin" time="0.002"/>
</testsuite> <!-- Personal Loan -->
